<?xml version="1.0" encoding="UTF-8"?>
<!-- Generated by org.testng.reporters.JUnitReportReporter -->
<testsuite hostname="DESKTOP-MLQSV5O" name="com.lessons.one.ResizeTest" tests="1" failures="0" timestamp="21 Apr 2019 13:23:36 GMT" time="17.393" errors="0">
  <testcase name="sampleFour" time="17.393" classname="com.lessons.one.ResizeTest"/>
</testsuite> <!-- com.lessons.one.ResizeTest -->
